C51 COMPILER V9.55   DHT11                                                                 05/06/2020 20:20:15 PAGE 1   


C51 COMPILER V9.55, COMPILATION OF MODULE DHT11
OBJECT MODULE PLACED IN .\Objects\DHT11.obj
COMPILER INVOKED BY: d:\Keil_v5_all\C51\BIN\C51.EXE DHT11.c OPTIMIZE(8,SPEED) BROWSE DEBUG OBJECTEXTEND PRINT(.\Listings
                    -\DHT11.lst) OBJECT(.\Objects\DHT11.obj)

line level    source

   1          /**
   2          * Author: Later
   3          * Time: 2020/5/1 18:54
   4          * Info: DHT11Driver
   5          * Change:
   6          **/
   7          
   8          #include "DHT11.h"
   9          
  10          uchar rec_dat[9];   //用于显示的接收数据数组
  11          
  12          /*
  13           ************************************************************
  14           *      函数名称：      DHT11_delay_us
  15           *
  16           *      函数功能：      延时函数
  17           *
  18           *      入口参数：      nus
  19           *
  20           *      返回参数：      无
  21           *
  22           *      说明：           
  23           ************************************************************
  24           */  
  25          void DHT11_delay_us(uchar n)
  26          {
  27   1          while(--n);
  28   1      }
  29          /*
  30           ************************************************************
  31           *      函数名称：      DHT11_delay_ms
  32           *
  33           *      函数功能：      延时函数
  34           *
  35           *      入口参数：      nms
  36           *
  37           *      返回参数：      无
  38           *
  39           *      说明：           
  40           ************************************************************
  41           */  
  42          void DHT11_delay_ms(uint z)
  43          {
  44   1         uint i,j;
  45   1         for(i=z;i>0;i--)
  46   1            for(j=110;j>0;j--);
  47   1      }
  48          /*
  49          ************************************************************
  50          *       函数名称：      DHT11_start
  51          *
  52          *       函数功能：      采集数据
  53          *
  54          *       入口参数：      无
C51 COMPILER V9.55   DHT11                                                                 05/06/2020 20:20:15 PAGE 2   

  55          *
  56          *       返回参数：      无
  57          *
  58          *       说明：           
  59          ************************************************************
  60          */  
  61          void DHT11_start()
  62          {
  63   1         Data=1;
  64   1         DHT11_delay_us(2);
  65   1         Data=0;
  66   1         DHT11_delay_ms(20);   //延时18ms以上
  67   1         Data=1;
  68   1         DHT11_delay_us(30);
  69   1      }
  70          /*
  71          ************************************************************
  72          *       函数名称：      DHT11_rec_byte
  73          *
  74          *       函数功能：      接收字节
  75          *
  76          *       入口参数：      无
  77          *
  78          *       返回参数：      uchar dat:字节数据
  79          *
  80          *       说明：           
  81          ************************************************************
  82          */  
  83          uchar DHT11_rec_byte()      //接收一个字节
  84          {
  85   1         uchar i,dat=0;
  86   1        for(i=0;i<8;i++)    //从高到低依次接收8位数据
  87   1         {          
  88   2            while(!Data);   ////等待50us低电平过去
  89   2            DHT11_delay_us(8);     //延时60us，如果还为高则数据为1，否则为0 
  90   2            dat<<=1;           //移位使正确接收8位数据，数据为0时直接移位
  91   2            if(Data==1)    //数据为1时，使dat加1来接收数据1
  92   2               dat+=1;
  93   2            while(Data);  //等待数据线拉低    
  94   2          }  
  95   1          return dat;
  96   1      }
  97          /*
  98          ************************************************************
  99          *       函数名称：      DHT11_receive
 100          *
 101          *       函数功能：      接收40位温湿度数据
 102          *
 103          *       入口参数：      无
 104          *
 105          *       返回参数：      无
 106          *
 107          *       说明：           
 108          ************************************************************
 109          */  
 110          void DHT11_receive()      //接收40位的数据
 111          {
 112   1          uchar R_H,R_L,T_H,T_L,RH,RL,TH,TL,revise; 
 113   1          DHT11_start();
 114   1          if(Data==0)
 115   1          {
 116   2              while(Data==0);   //等待拉高     
C51 COMPILER V9.55   DHT11                                                                 05/06/2020 20:20:15 PAGE 3   

 117   2              DHT11_delay_us(40);  //拉高后延时80us
 118   2              R_H=DHT11_rec_byte();    //接收湿度高八位  
 119   2              R_L=DHT11_rec_byte();    //接收湿度低八位  
 120   2              T_H=DHT11_rec_byte();    //接收温度高八位  
 121   2              T_L=DHT11_rec_byte();    //接收温度低八位
 122   2              revise=DHT11_rec_byte(); //接收校正位
 123   2      
 124   2              DHT11_delay_us(25);    //结束
 125   2      
 126   2              if((R_H+R_L+T_H+T_L)==revise)      //校正
 127   2              {
 128   3                  RH=R_H;
 129   3                  RL=R_L;
 130   3                  TH=T_H;
 131   3                  TL=T_L;
 132   3              } 
 133   2              /*数据处理，方便显示*/
 134   2              rec_dat[0]='0'+(RH/10);
 135   2              rec_dat[1]='0'+(RH%10);
 136   2              rec_dat[2]='R';
 137   2              rec_dat[3]='H';
 138   2              rec_dat[4]=' ';
 139   2              rec_dat[5]=' ';
 140   2              rec_dat[6]='0'+(TH/10);
 141   2              rec_dat[7]='0'+(TH%10);
 142   2              rec_dat[8]='C';
 143   2          }
 144   1      }


MODULE INFORMATION:   STATIC OVERLAYABLE
   CODE SIZE        =    228    ----
   CONSTANT SIZE    =   ----    ----
   XDATA SIZE       =   ----    ----
   PDATA SIZE       =   ----    ----
   DATA SIZE        =      9       6
   IDATA SIZE       =   ----    ----
   BIT SIZE         =   ----    ----
END OF MODULE INFORMATION.


C51 COMPILATION COMPLETE.  0 WARNING(S),  0 ERROR(S)
