C51 COMPILER V9.55   MAIN                                                                  06/06/2020 21:09:49 PAGE 1   


C51 COMPILER V9.55, COMPILATION OF MODULE MAIN
OBJECT MODULE PLACED IN .\Objects\main.obj
COMPILER INVOKED BY: d:\Keil_v5_all\C51\BIN\C51.EXE main.c OPTIMIZE(8,SPEED) BROWSE DEBUG OBJECTEXTEND PRINT(.\Listings\
                    -main.lst) OBJECT(.\Objects\main.obj)

line level    source

   1          /**
   2          * Author: Later
   3          * Time: 2020/5/1 18:54
   4          * Info: 
   5          * Change:
   6          **/
   7          #include "reg52.h"
   8          #include "Usart1.h"
   9          #include "DHT11.h"
  10          #include "lcd.h"
  11          #include "ADC0809.h"
  12          #include "delay.h"
  13          
  14          #include <intrins.h>
  15          //---重定义关键词---//
  16          #ifndef uchar
              #define uchar unsigned char
              #endif
  19          
  20          #ifndef uint 
              #define uint unsigned int
              #endif
  23          
  24          uchar bluetooth[14];
  25          uchar code CDIS1[14]={"BlueTooth Data"};
  26          
  27          void main()
  28          {  
  29   1              /*初始化设备*/
  30   1              InitUART1();
  31   1              LcdInit();      
  32   1              startT0();
  33   1              while(1)
  34   1              {  
  35   2                      uchar i=0;
  36   2                      /*读取DHT11温湿度数据*/
  37   2                      DHT11_delay_ms(1500);    //DHT11上电后要等待1S以越过不稳定状态在此期间不能发送任何指令
  38   2                      DHT11_receive();  
  39   2      
  40   2      
  41   2                      /*读取ADC0809读取光强数值*/
  42   2                      delayms(10);            //80MS
  43   2                      Read_Light();   
  44   2      
  45   2                      
  46   2                      /*LCD1602显示传感器数组*/
  47   2                      LcdWriteCom(0x01);  //清屏
  48   2                      LcdWriteCom(0x80);
  49   2                      for(i=0;i<14;i++)
  50   2                      {
  51   3                              LcdWriteData(CDIS1[i]); 
  52   3                      }
  53   2                      LcdWriteCom(0x80+0x40);
  54   2                      for(i=0;i<9;i++)
C51 COMPILER V9.55   MAIN                                                                  06/06/2020 21:09:49 PAGE 2   

  55   2                      {
  56   3                              LcdWriteData(rec_dat[i]);               
  57   3                      }
  58   2                      for(i=0;i<2;i++)
  59   2                      {
  60   3                              LcdWriteData(' ');              
  61   3                      }
  62   2                      for(i=0;i<3;i++)
  63   2                      {
  64   3                              LcdWriteData(light[i]); 
  65   3                      }
  66   2                      LcdWriteData('L');      
  67   2                      LcdWriteData('u');      
  68   2                      //LcdWriteData('x');    
  69   2                      
  70   2                      
  71   2                      bluetooth[0]='#';
  72   2                      bluetooth[1]=' ';
  73   2                      bluetooth[2]=rec_dat[0];
  74   2                      bluetooth[3]=rec_dat[1];
  75   2                      bluetooth[4]=' ';
  76   2                      bluetooth[5]=rec_dat[6];
  77   2                      bluetooth[6]=rec_dat[7];
  78   2                      bluetooth[7]=' ';
  79   2                      bluetooth[8]=light[0];
  80   2                      bluetooth[9]=light[1];
  81   2                      bluetooth[10]=light[2];
  82   2                      bluetooth[11]=' ';
  83   2                      bluetooth[12]='*';
  84   2                      bluetooth[13]='\0';   //结尾符,必须要有
  85   2                      
  86   2                      /*串口蓝牙发送数据*/
  87   2                      send_string(bluetooth);
  88   2                      send_string("\r\n");
  89   2                      delayms(20);            //80MS
  90   2      
  91   2              
  92   2              }
  93   1      }
  94          
  95          /*
  96          ************************************************************
  97          *       函数名称：      t0
  98          *
  99          *       函数功能：      t0中断回调
 100          *
 101          *       入口参数：      
 102          *
 103          *       返回参数：      
 104          *
 105          *       说明：          ADC时钟 
 106          ************************************************************
 107          */  
 108          void t0(void) interrupt 1 using 0 
 109          {  
 110   1         CLK=~CLK; 
 111   1      } 


MODULE INFORMATION:   STATIC OVERLAYABLE
   CODE SIZE        =    212    ----
   CONSTANT SIZE    =     17    ----
C51 COMPILER V9.55   MAIN                                                                  06/06/2020 21:09:49 PAGE 3   

   XDATA SIZE       =   ----    ----
   PDATA SIZE       =   ----    ----
   DATA SIZE        =     14       1
   IDATA SIZE       =   ----    ----
   BIT SIZE         =   ----    ----
END OF MODULE INFORMATION.


C51 COMPILATION COMPLETE.  0 WARNING(S),  0 ERROR(S)
